<?xml version="1.0" encoding="UTF-8"?>
<testsuite name="as Dafiti user" tests="1" skipped="0" failures="0" errors="0" timestamp="2023-02-24T16:35:10" hostname="MacBook-Pro-ML-140301.local" time="60.459">
  <properties/>
  <testcase name="User register successful" classname="as Dafiti user" time="60.459"/>
  <system-out><![CDATA[]]></system-out>
  <system-err><![CDATA[Feb 24, 2023 11:35:21 AM io.appium.java_client.remote.AppiumCommandExecutor$1 lambda$0
INFO: Detected dialect: W3C
[Test worker] INFO net.thucydides.core.steps.ConsoleLoggingListener - 
        __    _____ _____ ____ _____   ____   _    ____  ____  _____ ____  
  _     \ \  |_   _| ____/ ___|_   _| |  _ \ / \  / ___|/ ___|| ____|  _ \ 
 (_)_____| |   | | |  _| \___ \ | |   | |_) / _ \ \___ \\___ \|  _| | | | |
  _|_____| |   | | | |___ ___) || |   |  __/ ___ \ ___) |___) | |___| |_| |
 (_)     | |   |_| |_____|____/ |_|   |_| /_/   \_\____/|____/|_____|____/ 
        /_/                                                                

TEST PASSED: User register successful
----------------------------------------------------------------------------
]]></system-err>
</testsuite>
